app/build/outputs/logs/manifest-merger-debug-report.txt
-- Merging decision tree log ---
manifest
ADDED from src/main/AndroidManifest.xml:2:1-76:12
	package
		ADDED from src/main/AndroidManifest.xml:3:5-35
		INJECTED from src/main/AndroidManifest.xml
		INJECTED from src/main/AndroidManifest.xml
	android:versionName
		INJECTED from src/main/AndroidManifest.xml
		INJECTED from src/main/AndroidManifest.xml
	xmlns:android
		ADDED from src/main/AndroidManifest.xml:4:5-63
	android:versionCode
		INJECTED from src/main/AndroidManifest.xml
		INJECTED from src/main/AndroidManifest.xml
uses-permission#android.permission.INTERNET
ADDED from src/main/AndroidManifest.xml:6:5-67
	android:name
		ADDED from src/main/AndroidManifest.xml:6:22-64
uses-permission#android.permission.READ_SYNC_SETTINGS
ADDED from src/main/AndroidManifest.xml:7:5-77
	android:name
		ADDED from src/main/AndroidManifest.xml:7:22-74
uses-permission#android.permission.WRITE_SYNC_SETTINGS
ADDED from src/main/AndroidManifest.xml:8:5-78
	android:name
		ADDED from src/main/AndroidManifest.xml:8:22-75
uses-permission#android.permission.AUTHENTICATE_ACCOUNTS
ADDED from src/main/AndroidManifest.xml:9:5-80
	android:name
		ADDED from src/main/AndroidManifest.xml:9:22-77
uses-permission#android.permission.GET_ACCOUNTS
ADDED from src/main/AndroidManifest.xml:10:5-71
	android:name
		ADDED from src/main/AndroidManifest.xml:10:22-68
application
ADDED from src/main/AndroidManifest.xml:12:5-74:19
MERGED from [com.android.support:appcompat-v7:23.1.1] AndroidManifest.xml:22:5-20
MERGED from [com.android.support:support-v4:23.1.1] AndroidManifest.xml:22:5-20
MERGED from [com.android.support:design:23.1.1] AndroidManifest.xml:22:5-20
MERGED from [com.android.support:appcompat-v7:23.1.1] AndroidManifest.xml:22:5-20
MERGED from [com.android.support:support-v4:23.1.1] AndroidManifest.xml:22:5-20
MERGED from [com.android.support:support-v4:23.1.1] AndroidManifest.xml:22:5-20
MERGED from [com.android.support:support-v4:23.1.1] AndroidManifest.xml:22:5-20
MERGED from [com.jakewharton.timber:timber:4.1.0] AndroidManifest.xml:8:5-20
MERGED from [com.github.Raizlabs.DBFlow:dbflow:3.0.0-beta3] AndroidManifest.xml:11:5-20
MERGED from [com.android.support:cardview-v7:23.1.1] AndroidManifest.xml:22:5-20
MERGED from [com.android.support:support-v4:23.1.1] AndroidManifest.xml:22:5-20
MERGED from [com.github.ozodrukh:CircularReveal:1.1.1] AndroidManifest.xml:10:5-20
	android:label
		ADDED from src/main/AndroidManifest.xml:16:9-41
	android:allowBackup
		ADDED from src/main/AndroidManifest.xml:14:9-35
	android:icon
		ADDED from src/main/AndroidManifest.xml:15:9-43
	android:theme
		ADDED from src/main/AndroidManifest.xml:17:9-40
	android:name
		ADDED from src/main/AndroidManifest.xml:13:9-43
activity#com.kodelabs.mycosts.presentation.ui.activities.MainActivity
ADDED from src/main/AndroidManifest.xml:18:9-26:20
	android:label
		ADDED from src/main/AndroidManifest.xml:20:13-45
	android:name
		ADDED from src/main/AndroidManifest.xml:19:13-68
intent-filter#android.intent.action.MAIN+android.intent.category.LAUNCHER
ADDED from src/main/AndroidManifest.xml:21:13-25:29
action#android.intent.action.MAIN
ADDED from src/main/AndroidManifest.xml:22:17-69
	android:name
		ADDED from src/main/AndroidManifest.xml:22:25-66
category#android.intent.category.LAUNCHER
ADDED from src/main/AndroidManifest.xml:24:17-77
	android:name
		ADDED from src/main/AndroidManifest.xml:24:27-74
activity#com.kodelabs.mycosts.presentation.ui.activities.AddCostActivity
ADDED from src/main/AndroidManifest.xml:27:9-30:47
	android:label
		ADDED from src/main/AndroidManifest.xml:29:13-37
	android:theme
		ADDED from src/main/AndroidManifest.xml:30:13-44
	android:name
		ADDED from src/main/AndroidManifest.xml:28:13-71
activity#com.kodelabs.mycosts.presentation.ui.activities.EditCostActivity
ADDED from src/main/AndroidManifest.xml:31:9-34:47
	android:label
		ADDED from src/main/AndroidManifest.xml:33:13-38
	android:theme
		ADDED from src/main/AndroidManifest.xml:34:13-44
	android:name
		ADDED from src/main/AndroidManifest.xml:32:13-72
activity#com.kodelabs.mycosts.presentation.ui.activities.AboutActivity
ADDED from src/main/AndroidManifest.xml:35:9-43:20
	android:label
		ADDED from src/main/AndroidManifest.xml:37:13-57
	android:parentActivityName
		ADDED from src/main/AndroidManifest.xml:38:13-82
	android:theme
		ADDED from src/main/AndroidManifest.xml:39:13-44
	android:name
		ADDED from src/main/AndroidManifest.xml:36:13-69
meta-data#android.support.PARENT_ACTIVITY
ADDED from src/main/AndroidManifest.xml:40:13-42:96
	android:value
		ADDED from src/main/AndroidManifest.xml:42:17-93
	android:name
		ADDED from src/main/AndroidManifest.xml:41:17-63
service#com.kodelabs.mycosts.sync.auth.AuthenticatorService
ADDED from src/main/AndroidManifest.xml:47:9-56:19
	android:exported
		ADDED from src/main/AndroidManifest.xml:49:13-37
	android:name
		ADDED from src/main/AndroidManifest.xml:48:13-59
intent-filter#android.accounts.AccountAuthenticator
ADDED from src/main/AndroidManifest.xml:50:13-52:29
action#android.accounts.AccountAuthenticator
ADDED from src/main/AndroidManifest.xml:51:17-80
	android:name
		ADDED from src/main/AndroidManifest.xml:51:25-77
meta-data#android.accounts.AccountAuthenticator
ADDED from src/main/AndroidManifest.xml:53:13-55:57
	android:resource
		ADDED from src/main/AndroidManifest.xml:55:17-54
	android:name
		ADDED from src/main/AndroidManifest.xml:54:17-69
service#com.kodelabs.mycosts.sync.SyncService
ADDED from src/main/AndroidManifest.xml:57:9-67:19
	android:process
		ADDED from src/main/AndroidManifest.xml:60:13-36
	android:exported
		ADDED from src/main/AndroidManifest.xml:59:13-37
	android:name
		ADDED from src/main/AndroidManifest.xml:58:13-45
intent-filter#android.content.SyncAdapter
ADDED from src/main/AndroidManifest.xml:61:13-63:29
action#android.content.SyncAdapter
ADDED from src/main/AndroidManifest.xml:62:17-70
	android:name
		ADDED from src/main/AndroidManifest.xml:62:25-67
meta-data#android.content.SyncAdapter
ADDED from src/main/AndroidManifest.xml:64:13-66:55
	android:resource
		ADDED from src/main/AndroidManifest.xml:66:17-52
	android:name
		ADDED from src/main/AndroidManifest.xml:65:17-59
provider#com.kodelabs.mycosts.storage.contentprovider.StubProvider
ADDED from src/main/AndroidManifest.xml:69:9-73:39
	android:authorities
		ADDED from src/main/AndroidManifest.xml:71:13-65
	android:syncable
		ADDED from src/main/AndroidManifest.xml:73:13-36
	android:exported
		ADDED from src/main/AndroidManifest.xml:72:13-37
	android:name
		ADDED from src/main/AndroidManifest.xml:70:13-65
uses-sdk
INJECTED from src/main/AndroidManifest.xml reason: use-sdk injection requested
MERGED from [com.android.support:appcompat-v7:23.1.1] AndroidManifest.xml:20:5-43
MERGED from [com.android.support:support-v4:23.1.1] AndroidManifest.xml:20:5-43
MERGED from [com.android.support:design:23.1.1] AndroidManifest.xml:20:5-43
MERGED from [com.android.support:appcompat-v7:23.1.1] AndroidManifest.xml:20:5-43
MERGED from [com.android.support:support-v4:23.1.1] AndroidManifest.xml:20:5-43
MERGED from [com.android.support:recyclerview-v7:23.1.1] AndroidManifest.xml:20:5-43
MERGED from [com.android.support:support-v4:23.1.1] AndroidManifest.xml:20:5-43
MERGED from [com.android.support:support-v4:23.1.1] AndroidManifest.xml:20:5-43
MERGED from [com.jakewharton.timber:timber:4.1.0] AndroidManifest.xml:6:5-44
MERGED from [com.github.Raizlabs.DBFlow:dbflow:3.0.0-beta3] AndroidManifest.xml:7:5-9:41
MERGED from [com.android.support:cardview-v7:23.1.1] AndroidManifest.xml:20:5-43
MERGED from [com.android.support:recyclerview-v7:23.1.1] AndroidManifest.xml:20:5-43
MERGED from [com.android.support:support-v4:23.1.1] AndroidManifest.xml:20:5-43
MERGED from [com.github.ozodrukh:CircularReveal:1.1.1] AndroidManifest.xml:6:5-8:41
	android:targetSdkVersion
		INJECTED from src/main/AndroidManifest.xml
		INJECTED from src/main/AndroidManifest.xml
	android:minSdkVersion
		INJECTED from src/main/AndroidManifest.xml
		INJECTED from src/main/AndroidManifest.xml